<?xml version="1.0" encoding="UTF-8"?>
<!-- Generated by org.testng.reporters.JUnitReportReporter -->
<testsuite hostname="WIN-NFDCINOH1RK" name="Test123.Test123.Casestudyday1" tests="3" failures="0" timestamp="11 Feb 2020 07:17:37 GMT" time="22.885" errors="0">
  <testcase name="testPayment" time="11.256" classname="Test123.Test123.Casestudyday1"/>
  <testcase name="testLogin" time="8.798" classname="Test123.Test123.Casestudyday1"/>
  <testcase name="testCart" time="2.831" classname="Test123.Test123.Casestudyday1"/>
</testsuite> <!-- Test123.Test123.Casestudyday1 -->
