<?xml version="1.0" encoding="UTF-8"?>
<!-- Generated by org.testng.reporters.JUnitReportReporter -->
<testsuite hostname="WIN-NFDCINOH1RK" name="Test123.Test123.Excel1Demo" tests="1" failures="0" timestamp="7 Feb 2020 05:31:05 GMT" time="1.539" errors="0">
  <testcase name="f" time="1.539" classname="Test123.Test123.Excel1Demo"/>
</testsuite> <!-- Test123.Test123.Excel1Demo -->
