<?xml version="1.0" encoding="UTF-8"?>
<!-- Generated by org.testng.reporters.JUnitReportReporter -->
<testsuite skipped="0" hostname="WIN-NFDCINOH1RK" name="Test123.Test123.Driver" tests="1" failures="0" timestamp="2020-02-04T11:42:12 UTC" time="2.002" errors="0">
  <testcase name="f" time="2.002" classname="Test123.Test123.Driver"/>
</testsuite> <!-- Test123.Test123.Driver -->
