<?xml version="1.0" encoding="UTF-8"?>
<!-- Generated by org.testng.reporters.JUnitReportReporter -->
<testsuite skipped="2" hostname="WIN-NFDCINOH1RK" name="Test123.Test123.Handson1" tests="3" failures="0" timestamp="2020-02-05T12:03:40 UTC" time="8.437" errors="0">
  <testcase name="Naukri" time="8.437" classname="Test123.Test123.Handson1"/>
  <testcase name="f" classname="Test123.Test123.Handson1">
    <skipped/>
  </testcase> <!-- f -->
  <testcase name="TestMe" classname="Test123.Test123.Handson1">
    <skipped/>
  </testcase> <!-- TestMe -->
</testsuite> <!-- Test123.Test123.Handson1 -->
