<?xml version="1.0" encoding="UTF-8"?>
<!-- Generated by org.testng.reporters.JUnitReportReporter -->
<testsuite skipped="1" hostname="WIN-NFDCINOH1RK" name="Test123.Test123.Testngdemo1" tests="3" failures="0" timestamp="2020-02-04T09:39:31 UTC" time="0.016" errors="0">
  <testcase name="login" time="0.016" classname="Test123.Test123.Testngdemo1"/>
  <testcase name="logout" time="0.000" classname="Test123.Test123.Testngdemo1"/>
  <testcase name="registration" classname="Test123.Test123.Testngdemo1">
    <skipped/>
  </testcase> <!-- registration -->
</testsuite> <!-- Test123.Test123.Testngdemo1 -->
