<?xml version="1.0" encoding="UTF-8"?>
<!-- Generated by org.testng.reporters.JUnitReportReporter -->
<testsuite skipped="4" hostname="WIN-NFDCINOH1RK" name="Test123.Test123.actionsDemo1" tests="5" failures="0" timestamp="2020-02-05T06:38:03 UTC" time="9.957" errors="0">
  <testcase name="dnd" time="9.957" classname="Test123.Test123.actionsDemo1"/>
  <testcase name="keyboardactions" classname="Test123.Test123.actionsDemo1">
    <skipped/>
  </testcase> <!-- keyboardactions -->
  <testcase name="rightclick" classname="Test123.Test123.actionsDemo1">
    <skipped/>
  </testcase> <!-- rightclick -->
  <testcase name="doubleclick" classname="Test123.Test123.actionsDemo1">
    <skipped/>
  </testcase> <!-- doubleclick -->
  <testcase name="movetoelement" classname="Test123.Test123.actionsDemo1">
    <skipped/>
  </testcase> <!-- movetoelement -->
</testsuite> <!-- Test123.Test123.actionsDemo1 -->
