<?xml version="1.0" encoding="UTF-8"?>
<!-- Generated by org.testng.reporters.JUnitReportReporter -->
<testsuite hostname="WIN-NFDCINOH1RK" name="Test123.Test123.AnnotationsDemo" tests="2" failures="0" timestamp="6 Feb 2020 09:30:42 GMT" time="0.016" errors="0">
  <testcase name="login" time="0.016" classname="Test123.Test123.AnnotationsDemo"/>
  <testcase name="register" time="0.000" classname="Test123.Test123.AnnotationsDemo"/>
</testsuite> <!-- Test123.Test123.AnnotationsDemo -->
