<?xml version="1.0" encoding="UTF-8"?>
<!-- Generated by org.testng.reporters.JUnitReportReporter -->
<testsuite hostname="WIN-NFDCINOH1RK" name="Test123.Test123.testNGGroupingDemo" tests="2" failures="0" timestamp="6 Feb 2020 06:28:15 GMT" time="0.015" errors="0">
  <testcase name="logout" time="0.000" classname="Test123.Test123.testNGGroupingDemo"/>
  <testcase name="login" time="0.015" classname="Test123.Test123.testNGGroupingDemo"/>
</testsuite> <!-- Test123.Test123.testNGGroupingDemo -->
