<?xml version="1.0" encoding="UTF-8"?>
<!-- Generated by org.testng.reporters.JUnitReportReporter -->
<testsuite hostname="WIN-NFDCINOH1RK" name="Test123.Test123.Demo123" tests="1" failures="0" timestamp="6 Feb 2020 05:11:12 GMT" time="0.044" errors="0">
  <testcase name="app" time="0.044" classname="Test123.Test123.Demo123"/>
</testsuite> <!-- Test123.Test123.Demo123 -->
