<?xml version="1.0" encoding="UTF-8"?>
<!-- Generated by org.testng.reporters.JUnitReportReporter -->
<testsuite hostname="WIN-NFDCINOH1RK" name="Test123.Test123.FacebookPostDemo" tests="1" failures="0" timestamp="6 Feb 2020 05:15:19 GMT" time="0.013" errors="0">
  <testcase name="fblogin" time="0.013" classname="Test123.Test123.FacebookPostDemo"/>
</testsuite> <!-- Test123.Test123.FacebookPostDemo -->
